<!DOCTYPE html PUBLIC "-//W3C//DTD XHTML 1.1//EN" "https://www.w3.org/TR/xhtml11/DTD/xhtml11.dtd">
<html xmlns="https://www.w3.org/1999/xhtml">
<head>
<meta http-equiv="content-type" content="text/html; charset=UTF-8"/>
<title>TestNG Report</title>
<style type="text/css">table {margin-bottom:10px;border-collapse:collapse;empty-cells:show}th,td {border:1px solid #009;padding:.25em .5em}th {vertical-align:bottom}td {vertical-align:top}table a {font-weight:bold}.stripe td {background-color: #E6EBF9}.num {text-align:right}.passedodd td {background-color: #3F3}.passedeven td {background-color: #0A0}.skippedodd td {background-color: #DDD}.skippedeven td {background-color: #CCC}.failedodd td,.attn {background-color: #F33}.failedeven td,.stripe .attn {background-color: #D00}.stacktrace {white-space:pre;font-family:monospace}.totop {font-size:85%;text-align:center;border-bottom:2px solid #000}.invisible {display:none}</style>
</head>
<body>
<table>
<tr><th>Test</th><th># Passed</th><th># Skipped</th><th># Retried</th><th># Failed</th><th>Time (ms)</th><th>Included Groups</th><th>Excluded Groups</th></tr>
<tr><th colspan="8">Suite</th></tr>
<tr><td><a href="#t0">SubmitOrders</a></td><td class="num">3</td><td class="num">0</td><td class="num">0</td><td class="num">0</td><td class="num">99,701</td><td></td><td></td></tr>
<tr class="stripe"><td><a href="#t1">ErrorValidations</a></td><td class="num">0</td><td class="num">0</td><td class="num">0</td><td class="num attn">3</td><td class="num">56,928</td><td></td><td></td></tr>
<tr><th>Total</th><th class="num">3</th><th class="num">0</th><th class="num">0</th><th class="num attn">3</th><th class="num">156,629</th><th colspan="2"></th></tr>
</table>
<table id='summary'><thead><tr><th>Class</th><th>Method</th><th>Start</th><th>Time (ms)</th></tr></thead><tbody><tr><th colspan="4">Suite</th></tr></tbody><tbody id="t0"><tr><th colspan="4">SubmitOrders &#8212; passed</th></tr><tr class="passedeven"><td rowspan="3">rahulshettyacademyMavenPractice.SeleniumFrameworkDesignMaven.StandAloneTest2POM</td><td><a href="#m0">OrderHistoryTest</a></td><td rowspan="1">1703272884574</td><td rowspan="1">1375</td></tr><tr class="passedeven"><td><a href="#m1">submitOrder</a></td><td rowspan="2">1703272838941</td><td rowspan="2">39377</td></tr><tr class="passedeven"><td><a href="#m2">submitOrder</a></td></tr></tbody>
<tbody id="t1"><tr><th colspan="4">ErrorValidations &#8212; failed</th></tr><tr class="failedeven"><td rowspan="3">rahulshettyacademyMavenPractice.SeleniumFrameworkDesignMaven.ErrorValidationTest</td><td><a href="#m3">logInPageValidation</a></td><td rowspan="1">1703272891602</td><td rowspan="1">1115</td></tr><tr class="failedeven"><td><a href="#m4">matchCountryTest</a></td><td rowspan="1">1703272898001</td><td rowspan="1">22779</td></tr><tr class="failedeven"><td><a href="#m5">productMatchValidationTest</a></td><td rowspan="1">1703272927480</td><td rowspan="1">16037</td></tr></tbody>
</table>
<h2>SubmitOrders</h2><h3 id="m0">rahulshettyacademyMavenPractice.SeleniumFrameworkDesignMaven.StandAloneTest2POM#OrderHistoryTest</h3><table class="result"><tr><th class="invisible"/></tr></table><p class="totop"><a href="#summary">back to summary</a></p>
<h3 id="m1">rahulshettyacademyMavenPractice.SeleniumFrameworkDesignMaven.StandAloneTest2POM#submitOrder</h3><table class="result"><tr class="param"><th>Parameter #1</th></tr><tr class="param stripe"><td>{prodName=I PHONE, pwd=Iamking@000, email=shetty@gmail.com}</td></tr></table><p class="totop"><a href="#summary">back to summary</a></p>
<h3 id="m2">rahulshettyacademyMavenPractice.SeleniumFrameworkDesignMaven.StandAloneTest2POM#submitOrder</h3><table class="result"><tr class="param"><th>Parameter #1</th></tr><tr class="param stripe"><td>{prodName=I PHONE, pwd=Rahulshetty@academy5, email=meghashree.banerjee05@gmail.com}</td></tr></table><p class="totop"><a href="#summary">back to summary</a></p>
<h2>ErrorValidations</h2><h3 id="m3">rahulshettyacademyMavenPractice.SeleniumFrameworkDesignMaven.ErrorValidationTest#logInPageValidation</h3><table class="result"><tr><th>Exception</th></tr><tr><td><div class="stacktrace">java.lang.AssertionError: expected [Incorrect email or password.] but found [Incorrect  or password.]
	at rahulshettyacademyMavenPractice.SeleniumFrameworkDesignMaven.ErrorValidationTest.logInPageValidation(ErrorValidationTest.java:37)
	at java.base/java.util.ArrayList.forEach(ArrayList.java:1511)
... Removed 33 stack frames</div></td></tr></table><p class="totop"><a href="#summary">back to summary</a></p>
<h3 id="m4">rahulshettyacademyMavenPractice.SeleniumFrameworkDesignMaven.ErrorValidationTest#matchCountryTest</h3><table class="result"><tr><th>Exception</th></tr><tr><td><div class="stacktrace">java.lang.NullPointerException: Cannot invoke &quot;java.lang.Boolean.booleanValue()&quot; because &quot;this.match&quot; is null
	at rahulshettyacademyMavenPractice.SeleniumFrameworkDesignMaven.PageObjectModel.CartPage.compareNamewithCartProduct(CartPage.java:59)
	at rahulshettyacademyMavenPractice.SeleniumFrameworkDesignMaven.ErrorValidationTest.matchCountryTest(ErrorValidationTest.java:62)
	at java.base/java.util.ArrayList.forEach(ArrayList.java:1511)
... Removed 27 stack frames</div></td></tr></table><p class="totop"><a href="#summary">back to summary</a></p>
<h3 id="m5">rahulshettyacademyMavenPractice.SeleniumFrameworkDesignMaven.ErrorValidationTest#productMatchValidationTest</h3><table class="result"><tr><th>Exception</th></tr><tr><td><div class="stacktrace">java.lang.AssertionError: expected [false] but found [true]
	at rahulshettyacademyMavenPractice.SeleniumFrameworkDesignMaven.ErrorValidationTest.productMatchValidationTest(ErrorValidationTest.java:50)
	at java.base/java.util.ArrayList.forEach(ArrayList.java:1511)
... Removed 31 stack frames</div></td></tr></table><p class="totop"><a href="#summary">back to summary</a></p>
</body>
</html>
