<?xml version="1.0" encoding="UTF-8"?>
<testng-results ignored="0" total="6" passed="3" failed="3" skipped="0">
  <reporter-output>
  </reporter-output>
  <suite started-at="2023-12-22T14:19:46 GMT-05:00" name="Suite" finished-at="2023-12-22T14:22:23 GMT-05:00" duration-ms="157362">
    <groups>
      <group name="ErrorHandling">
        <method signature="ErrorValidationTest.logInPageValidation()[pri:0, instance:rahulshettyacademyMavenPractice.SeleniumFrameworkDesignMaven.ErrorValidationTest@a8ef162]" name="logInPageValidation" class="rahulshettyacademyMavenPractice.SeleniumFrameworkDesignMaven.ErrorValidationTest"/>
        <method signature="ErrorValidationTest.matchCountryTest()[pri:0, instance:rahulshettyacademyMavenPractice.SeleniumFrameworkDesignMaven.ErrorValidationTest@a8ef162]" name="matchCountryTest" class="rahulshettyacademyMavenPractice.SeleniumFrameworkDesignMaven.ErrorValidationTest"/>
      </group> <!-- ErrorHandling -->
      <group name="Purchase">
        <method signature="StandAloneTest2POM.submitOrder(java.util.HashMap)[pri:0, instance:rahulshettyacademyMavenPractice.SeleniumFrameworkDesignMaven.StandAloneTest2POM@71687585]" name="submitOrder" class="rahulshettyacademyMavenPractice.SeleniumFrameworkDesignMaven.StandAloneTest2POM"/>
      </group> <!-- Purchase -->
    </groups>
    <test started-at="2023-12-22T14:19:46 GMT-05:00" name="SubmitOrders" finished-at="2023-12-22T14:21:26 GMT-05:00" duration-ms="99701">
      <class name="rahulshettyacademyMavenPractice.SeleniumFrameworkDesignMaven.StandAloneTest2POM">
        <test-method is-config="true" signature="launchApplication()[pri:0, instance:rahulshettyacademyMavenPractice.SeleniumFrameworkDesignMaven.StandAloneTest2POM@71687585]" started-at="2023-12-22T14:19:46 GMT-05:00" name="launchApplication" finished-at="2023-12-22T14:19:55 GMT-05:00" duration-ms="8722" status="PASS">
          <reporter-output>
          </reporter-output>
        </test-method> <!-- launchApplication -->
        <test-method signature="submitOrder(java.util.HashMap)[pri:0, instance:rahulshettyacademyMavenPractice.SeleniumFrameworkDesignMaven.StandAloneTest2POM@71687585]" started-at="2023-12-22T14:19:55 GMT-05:00" name="submitOrder" data-provider="getData" finished-at="2023-12-22T14:20:33 GMT-05:00" duration-ms="38028" status="PASS">
          <params>
            <param index="0">
              <value>
                <![CDATA[{prodName=I PHONE, pwd=Rahulshetty@academy5, email=meghashree.banerjee05@gmail.com}]]>
              </value>
            </param>
          </params>
          <reporter-output>
          </reporter-output>
        </test-method> <!-- submitOrder -->
        <test-method is-config="true" signature="closeDriver()[pri:0, instance:rahulshettyacademyMavenPractice.SeleniumFrameworkDesignMaven.StandAloneTest2POM@71687585]" started-at="2023-12-22T14:20:33 GMT-05:00" name="closeDriver" finished-at="2023-12-22T14:20:33 GMT-05:00" duration-ms="201" status="PASS">
          <reporter-output>
          </reporter-output>
        </test-method> <!-- closeDriver -->
        <test-method is-config="true" signature="launchApplication()[pri:0, instance:rahulshettyacademyMavenPractice.SeleniumFrameworkDesignMaven.StandAloneTest2POM@71687585]" started-at="2023-12-22T14:20:33 GMT-05:00" name="launchApplication" finished-at="2023-12-22T14:20:38 GMT-05:00" duration-ms="4992" status="PASS">
          <reporter-output>
          </reporter-output>
        </test-method> <!-- launchApplication -->
        <test-method signature="submitOrder(java.util.HashMap)[pri:0, instance:rahulshettyacademyMavenPractice.SeleniumFrameworkDesignMaven.StandAloneTest2POM@71687585]" started-at="2023-12-22T14:20:38 GMT-05:00" name="submitOrder" data-provider="getData" finished-at="2023-12-22T14:21:18 GMT-05:00" duration-ms="39377" status="PASS">
          <params>
            <param index="0">
              <value>
                <![CDATA[{prodName=I PHONE, pwd=Iamking@000, email=shetty@gmail.com}]]>
              </value>
            </param>
          </params>
          <reporter-output>
          </reporter-output>
        </test-method> <!-- submitOrder -->
        <test-method is-config="true" signature="closeDriver()[pri:0, instance:rahulshettyacademyMavenPractice.SeleniumFrameworkDesignMaven.StandAloneTest2POM@71687585]" started-at="2023-12-22T14:21:18 GMT-05:00" name="closeDriver" finished-at="2023-12-22T14:21:18 GMT-05:00" duration-ms="172" status="PASS">
          <reporter-output>
          </reporter-output>
        </test-method> <!-- closeDriver -->
        <test-method is-config="true" signature="launchApplication()[pri:0, instance:rahulshettyacademyMavenPractice.SeleniumFrameworkDesignMaven.StandAloneTest2POM@71687585]" started-at="2023-12-22T14:21:18 GMT-05:00" name="launchApplication" finished-at="2023-12-22T14:21:24 GMT-05:00" duration-ms="6068" status="PASS">
          <reporter-output>
          </reporter-output>
        </test-method> <!-- launchApplication -->
        <test-method signature="OrderHistoryTest()[pri:0, instance:rahulshettyacademyMavenPractice.SeleniumFrameworkDesignMaven.StandAloneTest2POM@71687585]" started-at="2023-12-22T14:21:24 GMT-05:00" name="OrderHistoryTest" finished-at="2023-12-22T14:21:25 GMT-05:00" depends-on-methods="rahulshettyacademyMavenPractice.SeleniumFrameworkDesignMaven.StandAloneTest2POM.submitOrder" duration-ms="1375" status="PASS">
          <reporter-output>
          </reporter-output>
        </test-method> <!-- OrderHistoryTest -->
        <test-method is-config="true" signature="closeDriver()[pri:0, instance:rahulshettyacademyMavenPractice.SeleniumFrameworkDesignMaven.StandAloneTest2POM@71687585]" started-at="2023-12-22T14:21:25 GMT-05:00" name="closeDriver" finished-at="2023-12-22T14:21:26 GMT-05:00" duration-ms="141" status="PASS">
          <reporter-output>
          </reporter-output>
        </test-method> <!-- closeDriver -->
      </class> <!-- rahulshettyacademyMavenPractice.SeleniumFrameworkDesignMaven.StandAloneTest2POM -->
    </test> <!-- SubmitOrders -->
    <test started-at="2023-12-22T14:21:26 GMT-05:00" name="ErrorValidations" finished-at="2023-12-22T14:22:23 GMT-05:00" duration-ms="56928">
      <class name="rahulshettyacademyMavenPractice.SeleniumFrameworkDesignMaven.ErrorValidationTest">
        <test-method is-config="true" signature="launchApplication()[pri:0, instance:rahulshettyacademyMavenPractice.SeleniumFrameworkDesignMaven.ErrorValidationTest@a8ef162]" started-at="2023-12-22T14:21:26 GMT-05:00" name="launchApplication" finished-at="2023-12-22T14:21:31 GMT-05:00" duration-ms="4764" status="PASS">
          <reporter-output>
          </reporter-output>
        </test-method> <!-- launchApplication -->
        <test-method signature="logInPageValidation()[pri:0, instance:rahulshettyacademyMavenPractice.SeleniumFrameworkDesignMaven.ErrorValidationTest@a8ef162]" started-at="2023-12-22T14:21:31 GMT-05:00" name="logInPageValidation" finished-at="2023-12-22T14:21:32 GMT-05:00" duration-ms="1115" status="FAIL">
          <exception class="java.lang.AssertionError">
            <message>
              <![CDATA[expected [Incorrect email or password.] but found [Incorrect  or password.]]]>
            </message>
            <full-stacktrace>
              <![CDATA[java.lang.AssertionError: expected [Incorrect email or password.] but found [Incorrect  or password.]
at org.testng.Assert.fail(Assert.java:111)
at org.testng.Assert.failNotEquals(Assert.java:1578)
at org.testng.Assert.assertEqualsImpl(Assert.java:150)
at org.testng.Assert.assertEquals(Assert.java:132)
at org.testng.Assert.assertEquals(Assert.java:656)
at org.testng.Assert.assertEquals(Assert.java:666)
at rahulshettyacademyMavenPractice.SeleniumFrameworkDesignMaven.ErrorValidationTest.logInPageValidation(ErrorValidationTest.java:37)
at java.base/jdk.internal.reflect.NativeMethodAccessorImpl.invoke0(Native Method)
at java.base/jdk.internal.reflect.NativeMethodAccessorImpl.invoke(NativeMethodAccessorImpl.java:77)
at java.base/jdk.internal.reflect.DelegatingMethodAccessorImpl.invoke(DelegatingMethodAccessorImpl.java:43)
at java.base/java.lang.reflect.Method.invoke(Method.java:568)
at org.testng.internal.invokers.MethodInvocationHelper.invokeMethod(MethodInvocationHelper.java:139)
at org.testng.internal.invokers.TestInvoker.invokeMethod(TestInvoker.java:664)
at org.testng.internal.invokers.TestInvoker.invokeTestMethod(TestInvoker.java:227)
at org.testng.internal.invokers.MethodRunner.runInSequence(MethodRunner.java:50)
at org.testng.internal.invokers.TestInvoker$MethodInvocationAgent.invoke(TestInvoker.java:957)
at org.testng.internal.invokers.TestInvoker.invokeTestMethods(TestInvoker.java:200)
at org.testng.internal.invokers.TestMethodWorker.invokeTestMethods(TestMethodWorker.java:148)
at org.testng.internal.invokers.TestMethodWorker.run(TestMethodWorker.java:128)
at java.base/java.util.ArrayList.forEach(ArrayList.java:1511)
at org.testng.TestRunner.privateRun(TestRunner.java:848)
at org.testng.TestRunner.run(TestRunner.java:621)
at org.testng.SuiteRunner.runTest(SuiteRunner.java:443)
at org.testng.SuiteRunner.runSequentially(SuiteRunner.java:437)
at org.testng.SuiteRunner.privateRun(SuiteRunner.java:397)
at org.testng.SuiteRunner.run(SuiteRunner.java:336)
at org.testng.SuiteRunnerWorker.runSuite(SuiteRunnerWorker.java:52)
at org.testng.SuiteRunnerWorker.run(SuiteRunnerWorker.java:95)
at org.testng.TestNG.runSuitesSequentially(TestNG.java:1280)
at org.testng.TestNG.runSuitesLocally(TestNG.java:1200)
at org.testng.TestNG.runSuites(TestNG.java:1114)
at org.testng.TestNG.run(TestNG.java:1082)
at org.testng.remote.AbstractRemoteTestNG.run(AbstractRemoteTestNG.java:115)
at org.testng.remote.RemoteTestNG.initAndRun(RemoteTestNG.java:251)
at org.testng.remote.RemoteTestNG.main(RemoteTestNG.java:77)
]]>
            </full-stacktrace>
          </exception> <!-- java.lang.AssertionError -->
          <reporter-output>
          </reporter-output>
        </test-method> <!-- logInPageValidation -->
        <test-method is-config="true" signature="closeDriver()[pri:0, instance:rahulshettyacademyMavenPractice.SeleniumFrameworkDesignMaven.ErrorValidationTest@a8ef162]" started-at="2023-12-22T14:21:32 GMT-05:00" name="closeDriver" finished-at="2023-12-22T14:21:32 GMT-05:00" duration-ms="192" status="PASS">
          <reporter-output>
          </reporter-output>
        </test-method> <!-- closeDriver -->
        <test-method is-config="true" signature="launchApplication()[pri:0, instance:rahulshettyacademyMavenPractice.SeleniumFrameworkDesignMaven.ErrorValidationTest@a8ef162]" started-at="2023-12-22T14:21:32 GMT-05:00" name="launchApplication" finished-at="2023-12-22T14:21:38 GMT-05:00" duration-ms="5077" status="PASS">
          <reporter-output>
          </reporter-output>
        </test-method> <!-- launchApplication -->
        <test-method signature="matchCountryTest()[pri:0, instance:rahulshettyacademyMavenPractice.SeleniumFrameworkDesignMaven.ErrorValidationTest@a8ef162]" started-at="2023-12-22T14:21:38 GMT-05:00" name="matchCountryTest" finished-at="2023-12-22T14:22:00 GMT-05:00" duration-ms="22779" status="FAIL">
          <exception class="java.lang.NullPointerException">
            <message>
              <![CDATA[Cannot invoke "java.lang.Boolean.booleanValue()" because "this.match" is null]]>
            </message>
            <full-stacktrace>
              <![CDATA[java.lang.NullPointerException: Cannot invoke "java.lang.Boolean.booleanValue()" because "this.match" is null
at rahulshettyacademyMavenPractice.SeleniumFrameworkDesignMaven.PageObjectModel.CartPage.compareNamewithCartProduct(CartPage.java:59)
at rahulshettyacademyMavenPractice.SeleniumFrameworkDesignMaven.ErrorValidationTest.matchCountryTest(ErrorValidationTest.java:62)
at java.base/jdk.internal.reflect.NativeMethodAccessorImpl.invoke0(Native Method)
at java.base/jdk.internal.reflect.NativeMethodAccessorImpl.invoke(NativeMethodAccessorImpl.java:77)
at java.base/jdk.internal.reflect.DelegatingMethodAccessorImpl.invoke(DelegatingMethodAccessorImpl.java:43)
at java.base/java.lang.reflect.Method.invoke(Method.java:568)
at org.testng.internal.invokers.MethodInvocationHelper.invokeMethod(MethodInvocationHelper.java:139)
at org.testng.internal.invokers.TestInvoker.invokeMethod(TestInvoker.java:664)
at org.testng.internal.invokers.TestInvoker.invokeTestMethod(TestInvoker.java:227)
at org.testng.internal.invokers.MethodRunner.runInSequence(MethodRunner.java:50)
at org.testng.internal.invokers.TestInvoker$MethodInvocationAgent.invoke(TestInvoker.java:957)
at org.testng.internal.invokers.TestInvoker.invokeTestMethods(TestInvoker.java:200)
at org.testng.internal.invokers.TestMethodWorker.invokeTestMethods(TestMethodWorker.java:148)
at org.testng.internal.invokers.TestMethodWorker.run(TestMethodWorker.java:128)
at java.base/java.util.ArrayList.forEach(ArrayList.java:1511)
at org.testng.TestRunner.privateRun(TestRunner.java:848)
at org.testng.TestRunner.run(TestRunner.java:621)
at org.testng.SuiteRunner.runTest(SuiteRunner.java:443)
at org.testng.SuiteRunner.runSequentially(SuiteRunner.java:437)
at org.testng.SuiteRunner.privateRun(SuiteRunner.java:397)
at org.testng.SuiteRunner.run(SuiteRunner.java:336)
at org.testng.SuiteRunnerWorker.runSuite(SuiteRunnerWorker.java:52)
at org.testng.SuiteRunnerWorker.run(SuiteRunnerWorker.java:95)
at org.testng.TestNG.runSuitesSequentially(TestNG.java:1280)
at org.testng.TestNG.runSuitesLocally(TestNG.java:1200)
at org.testng.TestNG.runSuites(TestNG.java:1114)
at org.testng.TestNG.run(TestNG.java:1082)
at org.testng.remote.AbstractRemoteTestNG.run(AbstractRemoteTestNG.java:115)
at org.testng.remote.RemoteTestNG.initAndRun(RemoteTestNG.java:251)
at org.testng.remote.RemoteTestNG.main(RemoteTestNG.java:77)
]]>
            </full-stacktrace>
          </exception> <!-- java.lang.NullPointerException -->
          <reporter-output>
          </reporter-output>
        </test-method> <!-- matchCountryTest -->
        <test-method is-config="true" signature="closeDriver()[pri:0, instance:rahulshettyacademyMavenPractice.SeleniumFrameworkDesignMaven.ErrorValidationTest@a8ef162]" started-at="2023-12-22T14:22:00 GMT-05:00" name="closeDriver" finished-at="2023-12-22T14:22:01 GMT-05:00" duration-ms="320" status="PASS">
          <reporter-output>
          </reporter-output>
        </test-method> <!-- closeDriver -->
        <test-method is-config="true" signature="launchApplication()[pri:0, instance:rahulshettyacademyMavenPractice.SeleniumFrameworkDesignMaven.ErrorValidationTest@a8ef162]" started-at="2023-12-22T14:22:01 GMT-05:00" name="launchApplication" finished-at="2023-12-22T14:22:07 GMT-05:00" duration-ms="6371" status="PASS">
          <reporter-output>
          </reporter-output>
        </test-method> <!-- launchApplication -->
        <test-method signature="productMatchValidationTest()[pri:0, instance:rahulshettyacademyMavenPractice.SeleniumFrameworkDesignMaven.ErrorValidationTest@a8ef162]" started-at="2023-12-22T14:22:07 GMT-05:00" name="productMatchValidationTest" finished-at="2023-12-22T14:22:23 GMT-05:00" duration-ms="16037" status="FAIL">
          <exception class="java.lang.AssertionError">
            <message>
              <![CDATA[expected [false] but found [true]]]>
            </message>
            <full-stacktrace>
              <![CDATA[java.lang.AssertionError: expected [false] but found [true]
at org.testng.Assert.fail(Assert.java:111)
at org.testng.Assert.failNotEquals(Assert.java:1578)
at org.testng.Assert.assertFalse(Assert.java:79)
at org.testng.Assert.assertFalse(Assert.java:89)
at rahulshettyacademyMavenPractice.SeleniumFrameworkDesignMaven.ErrorValidationTest.productMatchValidationTest(ErrorValidationTest.java:50)
at java.base/jdk.internal.reflect.NativeMethodAccessorImpl.invoke0(Native Method)
at java.base/jdk.internal.reflect.NativeMethodAccessorImpl.invoke(NativeMethodAccessorImpl.java:77)
at java.base/jdk.internal.reflect.DelegatingMethodAccessorImpl.invoke(DelegatingMethodAccessorImpl.java:43)
at java.base/java.lang.reflect.Method.invoke(Method.java:568)
at org.testng.internal.invokers.MethodInvocationHelper.invokeMethod(MethodInvocationHelper.java:139)
at org.testng.internal.invokers.TestInvoker.invokeMethod(TestInvoker.java:664)
at org.testng.internal.invokers.TestInvoker.invokeTestMethod(TestInvoker.java:227)
at org.testng.internal.invokers.MethodRunner.runInSequence(MethodRunner.java:50)
at org.testng.internal.invokers.TestInvoker$MethodInvocationAgent.invoke(TestInvoker.java:957)
at org.testng.internal.invokers.TestInvoker.invokeTestMethods(TestInvoker.java:200)
at org.testng.internal.invokers.TestMethodWorker.invokeTestMethods(TestMethodWorker.java:148)
at org.testng.internal.invokers.TestMethodWorker.run(TestMethodWorker.java:128)
at java.base/java.util.ArrayList.forEach(ArrayList.java:1511)
at org.testng.TestRunner.privateRun(TestRunner.java:848)
at org.testng.TestRunner.run(TestRunner.java:621)
at org.testng.SuiteRunner.runTest(SuiteRunner.java:443)
at org.testng.SuiteRunner.runSequentially(SuiteRunner.java:437)
at org.testng.SuiteRunner.privateRun(SuiteRunner.java:397)
at org.testng.SuiteRunner.run(SuiteRunner.java:336)
at org.testng.SuiteRunnerWorker.runSuite(SuiteRunnerWorker.java:52)
at org.testng.SuiteRunnerWorker.run(SuiteRunnerWorker.java:95)
at org.testng.TestNG.runSuitesSequentially(TestNG.java:1280)
at org.testng.TestNG.runSuitesLocally(TestNG.java:1200)
at org.testng.TestNG.runSuites(TestNG.java:1114)
at org.testng.TestNG.run(TestNG.java:1082)
at org.testng.remote.AbstractRemoteTestNG.run(AbstractRemoteTestNG.java:115)
at org.testng.remote.RemoteTestNG.initAndRun(RemoteTestNG.java:251)
at org.testng.remote.RemoteTestNG.main(RemoteTestNG.java:77)
]]>
            </full-stacktrace>
          </exception> <!-- java.lang.AssertionError -->
          <reporter-output>
          </reporter-output>
        </test-method> <!-- productMatchValidationTest -->
        <test-method is-config="true" signature="closeDriver()[pri:0, instance:rahulshettyacademyMavenPractice.SeleniumFrameworkDesignMaven.ErrorValidationTest@a8ef162]" started-at="2023-12-22T14:22:23 GMT-05:00" name="closeDriver" finished-at="2023-12-22T14:22:23 GMT-05:00" duration-ms="230" status="PASS">
          <reporter-output>
          </reporter-output>
        </test-method> <!-- closeDriver -->
      </class> <!-- rahulshettyacademyMavenPractice.SeleniumFrameworkDesignMaven.ErrorValidationTest -->
    </test> <!-- ErrorValidations -->
  </suite> <!-- Suite -->
</testng-results>
